[study] Energy comparison
[study] PICM_ROOT:  /home/users/l/d/ldelbarr/PICM
[study] PostPro:    /home/users/l/d/ldelbarr/PICM/PostPro
[study] test:       falling-block-water
[study] methods:    pic,flip,apic
[study] ppc:        3
[study] coefPic:    0,0.05,0.1
[study] threads:    32
[study] csv output: /home/users/l/d/ldelbarr/PICM/PostPro/data/study_energy
[study] misc:       /home/users/l/d/ldelbarr/PICM/PostPro/data/misc/study_energy
[study] img:        /home/users/l/d/ldelbarr/PICM/PostPro/img/study_energy
[tests] selected report comparisons:
  falling-block-water: /home/users/l/d/ldelbarr/PICM/test/PIC/freeFallInWater.json
    falling block in water; useful for vorticity and energy conservation
[plan] wrote /home/users/l/d/ldelbarr/PICM/PostPro/data/study_energy/plan.csv
  falling-block-water  pic  ppc=3  coefPic= threads=32  repeat=0
  falling-block-water  flip ppc=3  coefPic=0.0 threads=32  repeat=0
  falling-block-water  flip ppc=3  coefPic=0.05 threads=32  repeat=0
  falling-block-water  flip ppc=3  coefPic=0.1 threads=32  repeat=0
  falling-block-water  apic ppc=3  coefPic= threads=32  repeat=0
[run] falling-block-water_pic_ppc3_t32_r0: OMP_NUM_THREADS=32 /home/users/l/d/ldelbarr/PICM/build-report-release/bin/PIC /home/users/l/d/ldelbarr/PICM/PostPro/data/misc/study_energy/configs/falling-block-water/falling-block-water_pic_ppc3_t32_r0.json
[checkpoint] CSV files updated after falling-block-water_pic_ppc3_t32_r0
[run] falling-block-water_flip_ppc3_coefpic0_t32_r0: OMP_NUM_THREADS=32 /home/users/l/d/ldelbarr/PICM/build-report-release/bin/PIC /home/users/l/d/ldelbarr/PICM/PostPro/data/misc/study_energy/configs/falling-block-water/falling-block-water_flip_ppc3_coefpic0_t32_r0.json
[checkpoint] CSV files updated after falling-block-water_flip_ppc3_coefpic0_t32_r0
[run] falling-block-water_flip_ppc3_coefpic0p05_t32_r0: OMP_NUM_THREADS=32 /home/users/l/d/ldelbarr/PICM/build-report-release/bin/PIC /home/users/l/d/ldelbarr/PICM/PostPro/data/misc/study_energy/configs/falling-block-water/falling-block-water_flip_ppc3_coefpic0p05_t32_r0.json
[checkpoint] CSV files updated after falling-block-water_flip_ppc3_coefpic0p05_t32_r0
[run] falling-block-water_flip_ppc3_coefpic0p1_t32_r0: OMP_NUM_THREADS=32 /home/users/l/d/ldelbarr/PICM/build-report-release/bin/PIC /home/users/l/d/ldelbarr/PICM/PostPro/data/misc/study_energy/configs/falling-block-water/falling-block-water_flip_ppc3_coefpic0p1_t32_r0.json
[checkpoint] CSV files updated after falling-block-water_flip_ppc3_coefpic0p1_t32_r0
[run] falling-block-water_apic_ppc3_t32_r0: OMP_NUM_THREADS=32 /home/users/l/d/ldelbarr/PICM/build-report-release/bin/PIC /home/users/l/d/ldelbarr/PICM/PostPro/data/misc/study_energy/configs/falling-block-water/falling-block-water_apic_ppc3_t32_r0.json
[checkpoint] CSV files updated after falling-block-water_apic_ppc3_t32_r0
[done] CSV files: /home/users/l/d/ldelbarr/PICM/PostPro/data/study_energy
